#
# There is insufficient memory for the Java Runtime Environment to continue.
# Native memory allocation (malloc) failed to allocate 2463216 bytes for Chunk::new
# Possible reasons:
#   The system is out of physical RAM or swap space
#   The process is running with CompressedOops enabled, and the Java Heap may be blocking the growth of the native heap
# Possible solutions:
#   Reduce memory load on the system
#   Increase physical memory or swap space
#   Check if swap backing store is full
#   Decrease Java heap size (-Xmx/-Xms)
#   Decrease number of Java threads
#   Decrease Java thread stack sizes (-Xss)
#   Set larger code cache with -XX:ReservedCodeCacheSize=
#   JVM is running with Unscaled Compressed Oops mode in which the Java heap is
#     placed in the first 4GB address space. The Java Heap base address is the
#     maximum limit for the native heap growth. Please use -XX:HeapBaseMinAddress
#     to set the Java Heap base and to place the Java Heap above 4GB virtual address.
# This output file may be truncated or incomplete.
#
#  Out of Memory Error (allocation.cpp:389), pid=13704, tid=0x0000000000003764
#
# JRE version: OpenJDK Runtime Environment (8.0_202-b03) (build 1.8.0_202-release-1483-b03)
# Java VM: OpenJDK 64-Bit Server VM (25.202-b03 mixed mode windows-amd64 compressed oops)
# Failed to write core dump. Minidumps are not enabled by default on client versions of Windows
#

---------------  T H R E A D  ---------------

Current thread (0x0000000006156800):  JavaThread "C2 CompilerThread0" daemon [_thread_in_native, id=14180, stack(0x00000000571d0000,0x00000000572d0000)]

Stack: [0x00000000571d0000,0x00000000572d0000]
[error occurred during error reporting (printing stack bounds), id 0xc0000005]

Native frames: (J=compiled Java code, j=interpreted, Vv=VM code, C=native code)


Current CompileTask:
C2:  28881 6603       4       org.gradle.model.internal.type.ModelType::wrap (219 bytes)


---------------  P R O C E S S  ---------------

Java Threads: ( => current thread )
  0x000000005c577800 JavaThread "Task worker for ':' Thread 3" [_thread_blocked, id=13884, stack(0x0000000064440000,0x0000000064540000)]
  0x000000005c577000 JavaThread "Task worker for ':' Thread 2" [_thread_blocked, id=3096, stack(0x0000000064270000,0x0000000064370000)]
  0x000000005c576000 JavaThread "Task worker for ':'" [_thread_blocked, id=9548, stack(0x0000000064060000,0x0000000064160000)]
  0x000000005c575800 JavaThread "Cache worker for Build Output Cleanup Cache (D:\Android Projects\InfoDispatch_SaudiKSA_V1.1\InfoDispatchKSA\.gradle\buildOutputCleanup)" [_thread_blocked, id=10100, stack(0x0000000062770000,0x0000000062870000)]
  0x000000005c574800 JavaThread "Cache worker for task history cache (D:\Android Projects\InfoDispatch_SaudiKSA_V1.1\InfoDispatchKSA\.gradle\4.6\taskHistory)" [_thread_blocked, id=8148, stack(0x0000000062590000,0x0000000062690000)]
  0x000000005c572800 JavaThread "Memory manager" [_thread_blocked, id=12916, stack(0x000000005f810000,0x000000005f910000)]
  0x000000005c571000 JavaThread "Build operations Thread 4" [_thread_blocked, id=14268, stack(0x000000005fbc0000,0x000000005fcc0000)]
  0x000000005c570000 JavaThread "Build operations Thread 3" [_thread_blocked, id=13924, stack(0x0000000059ab0000,0x0000000059bb0000)]
  0x000000005c56f800 JavaThread "Build operations Thread 2" [_thread_blocked, id=13176, stack(0x000000005fa20000,0x000000005fb20000)]
  0x000000005c56e800 JavaThread "Build operations" [_thread_in_native, id=8520, stack(0x000000005b7d0000,0x000000005b8d0000)]
  0x000000005c56e000 JavaThread "Cache worker for Artifact transforms cache (C:\Users\NEOZEN\.gradle\caches\transforms-1)" [_thread_blocked, id=7636, stack(0x000000005f910000,0x000000005fa10000)]
  0x000000005aa4e800 JavaThread "Cache worker for file hash cache (D:\Android Projects\InfoDispatch_SaudiKSA_V1.1\InfoDispatchKSA\.gradle\4.6\fileHashes)" [_thread_in_native, id=16328, stack(0x000000005ba30000,0x000000005bb30000)]
  0x00000000590a1000 JavaThread "File lock request listener" [_thread_in_native, id=9084, stack(0x000000005b930000,0x000000005ba30000)]
  0x0000000059024800 JavaThread "Cache worker for file hash cache (C:\Users\NEOZEN\.gradle\caches\4.6\fileHashes)" [_thread_blocked, id=9588, stack(0x000000005b690000,0x000000005b790000)]
  0x0000000059040800 JavaThread "Stdin handler" [_thread_blocked, id=9620, stack(0x000000005a370000,0x000000005a470000)]
  0x0000000058f5f800 JavaThread "Asynchronous log dispatcher for DefaultDaemonConnection: socket connection from /127.0.0.1:57291 to /127.0.0.1:57292" [_thread_blocked, id=16220, stack(0x000000005a1f0000,0x000000005a2f0000)]
  0x0000000058f66800 JavaThread "Daemon worker" [_thread_blocked, id=13768, stack(0x0000000059ce0000,0x0000000059de0000)]
  0x0000000058f65000 JavaThread "Cancel handler" [_thread_blocked, id=5440, stack(0x0000000056bc0000,0x0000000056cc0000)]
  0x000000005700a000 JavaThread "Handler for socket connection from /127.0.0.1:57291 to /127.0.0.1:57292" [_thread_in_native, id=16252, stack(0x0000000059e00000,0x0000000059f00000)]
  0x0000000056ff9000 JavaThread "Daemon" [_thread_blocked, id=11212, stack(0x0000000059bb0000,0x0000000059cb0000)]
  0x0000000057046000 JavaThread "Daemon periodic checks" [_thread_blocked, id=12524, stack(0x0000000058390000,0x0000000058490000)]
  0x0000000057045000 JavaThread "Incoming local TCP Connector on port 57291" [_thread_in_native, id=8080, stack(0x0000000059970000,0x0000000059a70000)]
  0x0000000056e36000 JavaThread "Service Thread" daemon [_thread_blocked, id=11840, stack(0x0000000057850000,0x0000000057950000)]
  0x0000000056e1d000 JavaThread "C1 CompilerThread2" daemon [_thread_in_native, id=11184, stack(0x00000000576a0000,0x00000000577a0000)]
  0x0000000056e13000 JavaThread "C2 CompilerThread1" daemon [_thread_blocked, id=13184, stack(0x0000000057570000,0x0000000057670000)]
=>0x0000000006156800 JavaThread "C2 CompilerThread0" daemon [_thread_in_native, id=14180, stack(0x00000000571d0000,0x00000000572d0000)]
  0x0000000006155000 JavaThread "Attach Listener" daemon [_thread_blocked, id=14024, stack(0x0000000057450000,0x0000000057550000)]
  0x0000000006154000 JavaThread "Signal Dispatcher" daemon [_thread_blocked, id=7224, stack(0x0000000057320000,0x0000000057420000)]
  0x0000000006139000 JavaThread "Finalizer" daemon [_thread_blocked, id=9884, stack(0x0000000056900000,0x0000000056a00000)]
  0x0000000006131800 JavaThread "Reference Handler" daemon [_thread_blocked, id=11428, stack(0x0000000056cc0000,0x0000000056dc0000)]
  0x000000000219f000 JavaThread "main" [_thread_blocked, id=13592, stack(0x0000000002520000,0x0000000002620000)]

Other Threads:
  0x00000000060ea000 VMThread [stack: 0x0000000056a90000,0x0000000056b90000] [id=16224]
  0x0000000056e38000 WatcherThread [stack: 0x0000000057a20000,0x0000000057b20000] [id=11208]

VM state:not at safepoint (normal execution)

VM Mutex/Monitor currently owned by a thread: None

heap address: 0x00000000c0000000, size: 1024 MB, Compressed Oops mode: 32-bit
Narrow klass base: 0x0000000000000000, Narrow klass shift: 0
Compressed class space size: 1073741824 Address: 0x0000000016900000

Heap:
 PSYoungGen      total 315904K, used 42533K [0x00000000eab00000, 0x00000000ffc80000, 0x0000000100000000)
  eden space 296448K, 14% used [0x00000000eab00000,0x00000000ed489458,0x00000000fcc80000)
  from space 19456K, 0% used [0x00000000fe800000,0x00000000fe800000,0x00000000ffb00000)
  to   space 24576K, 0% used [0x00000000fcc80000,0x00000000fcc80000,0x00000000fe480000)
 ParOldGen       total 85504K, used 36987K [0x00000000c0000000, 0x00000000c5380000, 0x00000000eab00000)
  object space 85504K, 43% used [0x00000000c0000000,0x00000000c241ed30,0x00000000c5380000)
 Metaspace       used 58559K, capacity 60208K, committed 60632K, reserved 1101824K
  class space    used 7927K, capacity 8339K, committed 8448K, reserved 1048576K

Card table byte_map: [0x0000000002cb0000,0x0000000002ec0000] byte_map_base: 0x00000000026b0000

Marking Bits: (ParMarkBitMap*) 0x0000000007879f30
 Begin Bits: [0x0000000003560000, 0x0000000004560000)
 End Bits:   [0x0000000004560000, 0x0000000005560000)

Polling page: 0x0000000000150000

CodeCache: size=245760Kb used=20616Kb max_used=20616Kb free=225143Kb
 bounds [0x0000000007900000, 0x0000000008d40000, 0x0000000016900000]
 total_blobs=6981 nmethods=6170 adapters=724
 compilation: enabled

Compilation events (10 events):
Event: 28.864 Thread 0x0000000056e1d000 nmethod 6828 0x0000000008d2f510 code [0x0000000008d2f680, 0x0000000008d2f848]
Event: 28.866 Thread 0x0000000056e1d000 6836       3       java.util.ArrayDeque::size (18 bytes)
Event: 28.866 Thread 0x0000000056e1d000 nmethod 6836 0x0000000008d2f950 code [0x0000000008d2faa0, 0x0000000008d2fc10]
Event: 28.866 Thread 0x0000000056e1d000 6837       3       java.nio.file.Files::newDirectoryStream (12 bytes)
Event: 28.867 Thread 0x0000000056e1d000 nmethod 6837 0x0000000008d2fcd0 code [0x0000000008d2fe60, 0x0000000008d30248]
Event: 28.874 Thread 0x0000000056e1d000 6841       3       org.gradle.api.internal.file.pattern.GreedyPathMatcher::matches (61 bytes)
Event: 28.875 Thread 0x0000000056e1d000 nmethod 6841 0x0000000008d303d0 code [0x0000000008d30580, 0x0000000008d30b28]
Event: 28.875 Thread 0x0000000056e1d000 6838       3       org.gradle.api.internal.file.pattern.FixedStepPathMatcher::matches (54 bytes)
Event: 28.875 Thread 0x0000000056e1d000 nmethod 6838 0x0000000008d30d50 code [0x0000000008d30ee0, 0x0000000008d312d8]
Event: 28.875 Thread 0x0000000056e1d000 6842       3       org.gradle.api.internal.file.pattern.FixedPatternStep::matches (27 bytes)

GC Heap History (10 events):
Event: 10.181 GC heap before
{Heap before GC invocations=7 (full 1):
 PSYoungGen      total 132096K, used 40286K [0x00000000eab00000, 0x00000000f9280000, 0x0000000100000000)
  eden space 126976K, 27% used [0x00000000eab00000,0x00000000ecd5f598,0x00000000f2700000)
  from space 5120K, 99% used [0x00000000f2700000,0x00000000f2bf8280,0x00000000f2c00000)
  to   space 13824K, 0% used [0x00000000f8500000,0x00000000f8500000,0x00000000f9280000)
 ParOldGen       total 56832K, used 15360K [0x00000000c0000000, 0x00000000c3780000, 0x00000000eab00000)
  object space 56832K, 27% used [0x00000000c0000000,0x00000000c0f003a0,0x00000000c3780000)
 Metaspace       used 34809K, capacity 35350K, committed 35416K, reserved 1079296K
  class space    used 4736K, capacity 4945K, committed 4992K, reserved 1048576K
Event: 10.191 GC heap after
Heap after GC invocations=7 (full 1):
 PSYoungGen      total 215040K, used 9472K [0x00000000eab00000, 0x00000000f8e80000, 0x0000000100000000)
  eden space 205312K, 0% used [0x00000000eab00000,0x00000000eab00000,0x00000000f7380000)
  from space 9728K, 97% used [0x00000000f8500000,0x00000000f8e40190,0x00000000f8e80000)
  to   space 13824K, 0% used [0x00000000f7380000,0x00000000f7380000,0x00000000f8100000)
 ParOldGen       total 56832K, used 15368K [0x00000000c0000000, 0x00000000c3780000, 0x00000000eab00000)
  object space 56832K, 27% used [0x00000000c0000000,0x00000000c0f023a0,0x00000000c3780000)
 Metaspace       used 34809K, capacity 35350K, committed 35416K, reserved 1079296K
  class space    used 4736K, capacity 4945K, committed 4992K, reserved 1048576K
}
Event: 10.191 GC heap before
{Heap before GC invocations=8 (full 2):
 PSYoungGen      total 215040K, used 9472K [0x00000000eab00000, 0x00000000f8e80000, 0x0000000100000000)
  eden space 205312K, 0% used [0x00000000eab00000,0x00000000eab00000,0x00000000f7380000)
  from space 9728K, 97% used [0x00000000f8500000,0x00000000f8e40190,0x00000000f8e80000)
  to   space 13824K, 0% used [0x00000000f7380000,0x00000000f7380000,0x00000000f8100000)
 ParOldGen       total 56832K, used 15368K [0x00000000c0000000, 0x00000000c3780000, 0x00000000eab00000)
  object space 56832K, 27% used [0x00000000c0000000,0x00000000c0f023a0,0x00000000c3780000)
 Metaspace       used 34809K, capacity 35350K, committed 35416K, reserved 1079296K
  class space    used 4736K, capacity 4945K, committed 4992K, reserved 1048576K
Event: 10.265 GC heap after
Heap after GC invocations=8 (full 2):
 PSYoungGen      total 215040K, used 0K [0x00000000eab00000, 0x00000000f8e80000, 0x0000000100000000)
  eden space 205312K, 0% used [0x00000000eab00000,0x00000000eab00000,0x00000000f7380000)
  from space 9728K, 0% used [0x00000000f8500000,0x00000000f8500000,0x00000000f8e80000)
  to   space 13824K, 0% used [0x00000000f7380000,0x00000000f7380000,0x00000000f8100000)
 ParOldGen       total 85504K, used 16210K [0x00000000c0000000, 0x00000000c5380000, 0x00000000eab00000)
  object space 85504K, 18% used [0x00000000c0000000,0x00000000c0fd4b98,0x00000000c5380000)
 Metaspace       used 34809K, capacity 35350K, committed 35416K, reserved 1079296K
  class space    used 4736K, capacity 4945K, committed 4992K, reserved 1048576K
}
Event: 17.044 GC heap before
{Heap before GC invocations=9 (full 2):
 PSYoungGen      total 215040K, used 205312K [0x00000000eab00000, 0x00000000f8e80000, 0x0000000100000000)
  eden space 205312K, 100% used [0x00000000eab00000,0x00000000f7380000,0x00000000f7380000)
  from space 9728K, 0% used [0x00000000f8500000,0x00000000f8500000,0x00000000f8e80000)
  to   space 13824K, 0% used [0x00000000f7380000,0x00000000f7380000,0x00000000f8100000)
 ParOldGen       total 85504K, used 16210K [0x00000000c0000000, 0x00000000c5380000, 0x00000000eab00000)
  object space 85504K, 18% used [0x00000000c0000000,0x00000000c0fd4b98,0x00000000c5380000)
 Metaspace       used 48379K, capacity 49374K, committed 49496K, reserved 1091584K
  class space    used 6471K, capacity 6758K, committed 6784K, reserved 1048576K
Event: 17.063 GC heap after
Heap after GC invocations=9 (full 2):
 PSYoungGen      total 219136K, used 13792K [0x00000000eab00000, 0x00000000ffb00000, 0x0000000100000000)
  eden space 205312K, 0% used [0x00000000eab00000,0x00000000eab00000,0x00000000f7380000)
  from space 13824K, 99% used [0x00000000f7380000,0x00000000f80f80f8,0x00000000f8100000)
  to   space 19456K, 0% used [0x00000000fe800000,0x00000000fe800000,0x00000000ffb00000)
 ParOldGen       total 85504K, used 22731K [0x00000000c0000000, 0x00000000c5380000, 0x00000000eab00000)
  object space 85504K, 26% used [0x00000000c0000000,0x00000000c1632fd8,0x00000000c5380000)
 Metaspace       used 48379K, capacity 49374K, committed 49496K, reserved 1091584K
  class space    used 6471K, capacity 6758K, committed 6784K, reserved 1048576K
}
Event: 26.276 GC heap before
{Heap before GC invocations=10 (full 2):
 PSYoungGen      total 219136K, used 144111K [0x00000000eab00000, 0x00000000ffb00000, 0x0000000100000000)
  eden space 205312K, 63% used [0x00000000eab00000,0x00000000f2a43eb8,0x00000000f7380000)
  from space 13824K, 99% used [0x00000000f7380000,0x00000000f80f80f8,0x00000000f8100000)
  to   space 19456K, 0% used [0x00000000fe800000,0x00000000fe800000,0x00000000ffb00000)
 ParOldGen       total 85504K, used 22731K [0x00000000c0000000, 0x00000000c5380000, 0x00000000eab00000)
  object space 85504K, 26% used [0x00000000c0000000,0x00000000c1632fd8,0x00000000c5380000)
 Metaspace       used 57204K, capacity 58902K, committed 59028K, reserved 1099776K
  class space    used 7754K, capacity 8168K, committed 8192K, reserved 1048576K
Event: 26.321 GC heap after
Heap after GC invocations=10 (full 2):
 PSYoungGen      total 315904K, used 19449K [0x00000000eab00000, 0x00000000ffc80000, 0x0000000100000000)
  eden space 296448K, 0% used [0x00000000eab00000,0x00000000eab00000,0x00000000fcc80000)
  from space 19456K, 99% used [0x00000000fe800000,0x00000000ffafe590,0x00000000ffb00000)
  to   space 24576K, 0% used [0x00000000fcc80000,0x00000000fcc80000,0x00000000fe480000)
 ParOldGen       total 85504K, used 27752K [0x00000000c0000000, 0x00000000c5380000, 0x00000000eab00000)
  object space 85504K, 32% used [0x00000000c0000000,0x00000000c1b1a170,0x00000000c5380000)
 Metaspace       used 57204K, capacity 58902K, committed 59028K, reserved 1099776K
  class space    used 7754K, capacity 8168K, committed 8192K, reserved 1048576K
}
Event: 26.321 GC heap before
{Heap before GC invocations=11 (full 3):
 PSYoungGen      total 315904K, used 19449K [0x00000000eab00000, 0x00000000ffc80000, 0x0000000100000000)
  eden space 296448K, 0% used [0x00000000eab00000,0x00000000eab00000,0x00000000fcc80000)
  from space 19456K, 99% used [0x00000000fe800000,0x00000000ffafe590,0x00000000ffb00000)
  to   space 24576K, 0% used [0x00000000fcc80000,0x00000000fcc80000,0x00000000fe480000)
 ParOldGen       total 85504K, used 27752K [0x00000000c0000000, 0x00000000c5380000, 0x00000000eab00000)
  object space 85504K, 32% used [0x00000000c0000000,0x00000000c1b1a170,0x00000000c5380000)
 Metaspace       used 57204K, capacity 58902K, committed 59028K, reserved 1099776K
  class space    used 7754K, capacity 8168K, committed 8192K, reserved 1048576K
Event: 26.581 GC heap after
Heap after GC invocations=11 (full 3):
 PSYoungGen      total 315904K, used 0K [0x00000000eab00000, 0x00000000ffc80000, 0x0000000100000000)
  eden space 296448K, 0% used [0x00000000eab00000,0x00000000eab00000,0x00000000fcc80000)
  from space 19456K, 0% used [0x00000000fe800000,0x00000000fe800000,0x00000000ffb00000)
  to   space 24576K, 0% used [0x00000000fcc80000,0x00000000fcc80000,0x00000000fe480000)
 ParOldGen       total 85504K, used 36987K [0x00000000c0000000, 0x00000000c5380000, 0x00000000eab00000)
  object space 85504K, 43% used [0x00000000c0000000,0x00000000c241ed30,0x00000000c5380000)
 Metaspace       used 57204K, capacity 58902K, committed 59028K, reserved 1099776K
  class space    used 7754K, capacity 8168K, committed 8192K, reserved 1048576K
}

Deoptimization events (10 events):
Event: 26.600 Thread 0x0000000058f66800 Uncommon trap: reason=class_check action=maybe_recompile pc=0x00000000082f197c method=com.google.common.io.CountingInputStream.read()I @ 4
Event: 26.600 Thread 0x0000000058f66800 Uncommon trap: reason=class_check action=maybe_recompile pc=0x0000000007a0da0c method=com.google.common.io.CountingInputStream.read([BII)I @ 7
Event: 26.600 Thread 0x0000000058f66800 Uncommon trap: reason=class_check action=maybe_recompile pc=0x0000000007a0da0c method=com.google.common.io.CountingInputStream.read([BII)I @ 7
Event: 26.615 Thread 0x0000000058f66800 Uncommon trap: reason=class_check action=maybe_recompile pc=0x0000000008b01ed0 method=java.util.concurrent.ConcurrentHashMap.putVal(Ljava/lang/Object;Ljava/lang/Object;Z)Ljava/lang/Object; @ 192
Event: 27.918 Thread 0x0000000058f66800 Uncommon trap: reason=class_check action=maybe_recompile pc=0x0000000008b01ed0 method=java.util.concurrent.ConcurrentHashMap.putVal(Ljava/lang/Object;Ljava/lang/Object;Z)Ljava/lang/Object; @ 192
Event: 28.541 Thread 0x000000005c574800 Uncommon trap: reason=unstable_if action=reinterpret pc=0x000000000886c38c method=java.util.regex.Pattern$Curly.match0(Ljava/util/regex/Matcher;IILjava/lang/CharSequence;)Z @ 5
Event: 28.542 Thread 0x000000005c574800 Uncommon trap: reason=unstable_if action=reinterpret pc=0x00000000082a9f54 method=com.esotericsoftware.kryo.io.Input.readUtf8(I)V @ 79
Event: 28.634 Thread 0x000000005c570000 Uncommon trap: reason=class_check action=maybe_recompile pc=0x0000000008b01ed0 method=java.util.concurrent.ConcurrentHashMap.putVal(Ljava/lang/Object;Ljava/lang/Object;Z)Ljava/lang/Object; @ 192
Event: 28.848 Thread 0x000000005c570000 Uncommon trap: reason=unstable_if action=reinterpret pc=0x0000000008ced6c4 method=java.util.concurrent.ConcurrentHashMap.addCount(JI)V @ 34
Event: 28.851 Thread 0x0000000058f66800 Uncommon trap: reason=unstable_if action=reinterpret pc=0x0000000007d92da8 method=java.util.concurrent.ConcurrentHashMap.addCount(JI)V @ 7

Classes redefined (0 events):
No events

Internal exceptions (10 events):
Event: 18.616 Thread 0x0000000058f66800 Exception <a 'java/lang/ClassNotFoundException': org/gradle/platform/base/BinaryContainer_ImplBeanInfo> (0x00000000f01681f0) thrown at [D:\src\AOSP-openjdk-cygwin\jdk8u\hotspot\src\share\vm\classfile\systemDictionary.cpp, line 210]
Event: 18.617 Thread 0x0000000058f66800 Exception <a 'java/lang/ClassNotFoundException': org/gradle/model/internal/core/NodeBackedModelMapBeanInfo> (0x00000000f017d0c0) thrown at [D:\src\AOSP-openjdk-cygwin\jdk8u\hotspot\src\share\vm\classfile\systemDictionary.cpp, line 210]
Event: 18.618 Thread 0x0000000058f66800 Exception <a 'java/lang/ClassNotFoundException': org/gradle/model/internal/core/ModelMapGroovyViewBeanInfo> (0x00000000f0191f90) thrown at [D:\src\AOSP-openjdk-cygwin\jdk8u\hotspot\src\share\vm\classfile\systemDictionary.cpp, line 210]
Event: 18.618 Thread 0x0000000058f66800 Exception <a 'java/lang/ClassNotFoundException': org/gradle/model/internal/core/ModelMapGroovyViewCustomizer> (0x00000000f01a7be8) thrown at [D:\src\AOSP-openjdk-cygwin\jdk8u\hotspot\src\share\vm\classfile\systemDictionary.cpp, line 210]
Event: 18.620 Thread 0x0000000058f66800 Exception <a 'java/lang/ClassNotFoundException': org/gradle/model/internal/core/NodeBackedModelMapCustomizer> (0x00000000f01d0c88) thrown at [D:\src\AOSP-openjdk-cygwin\jdk8u\hotspot\src\share\vm\classfile\systemDictionary.cpp, line 210]
Event: 18.624 Thread 0x0000000058f66800 Exception <a 'java/lang/ClassNotFoundException': org/gradle/platform/base/BinaryContainer_ImplCustomizer> (0x00000000f02360e0) thrown at [D:\src\AOSP-openjdk-cygwin\jdk8u\hotspot\src\share\vm\classfile\systemDictionary.cpp, line 210]
Event: 18.707 Thread 0x0000000058f66800 Implicit null exception at 0x0000000007ee490e to 0x0000000007ee4e4d
Event: 18.901 Thread 0x0000000058f66800 Implicit null exception at 0x000000000816fc04 to 0x0000000008171e6d
Event: 28.515 Thread 0x0000000058f66800 Exception <a 'java/lang/NoSuchMethodError': <clinit>> (0x00000000ec1fad78) thrown at [D:\src\AOSP-openjdk-cygwin\jdk8u\hotspot\src\share\vm\prims\jni.cpp, line 1614]
Event: 28.517 Thread 0x0000000058f66800 Exception <a 'java/lang/NoSuchMethodError': <clinit>> (0x00000000ec209990) thrown at [D:\src\AOSP-openjdk-cygwin\jdk8u\hotspot\src\share\vm\prims\jni.cpp, line 1614]

Events (10 events):
Event: 28.853 loading class org/gradle/api/internal/changedetection/state/DefaultFileSystemSnapshotter$4
Event: 28.853 loading class org/gradle/api/internal/changedetection/state/DefaultFileSystemSnapshotter$4 done
Event: 28.853 loading class org/gradle/api/internal/changedetection/state/DefaultFileSystemSnapshotter$FileVisitorImpl
Event: 28.853 loading class org/gradle/api/internal/changedetection/state/DefaultFileSystemSnapshotter$FileVisitorImpl done
Event: 28.854 Executing VM operation: RevokeBias
Event: 28.854 Executing VM operation: RevokeBias done
Event: 28.854 Executing VM operation: RevokeBias
Event: 28.854 Executing VM operation: RevokeBias done
Event: 28.858 loading class org/gradle/api/internal/changedetection/state/DirectoryTreeDetails
Event: 28.858 loading class org/gradle/api/internal/changedetection/state/DirectoryTreeDetails done


Dynamic libraries:
0x000000013f530000 - 0x000000013f561000 	C:\Program Files\Android\Android Studio\jre\bin\java.exe
0x0000000077950000 - 0x0000000077af9000 	C:\Windows\SYSTEM32\ntdll.dll
0x0000000077830000 - 0x000000007794f000 	C:\Windows\system32\kernel32.dll
0x000007fefdb40000 - 0x000007fefdbab000 	C:\Windows\system32\KERNELBASE.dll
0x00000000755d0000 - 0x0000000075665000 	C:\Windows\System32\SYSFER.DLL
0x000007fefe0b0000 - 0x000007fefe18b000 	C:\Windows\system32\ADVAPI32.dll
0x000007fefea00000 - 0x000007fefea9f000 	C:\Windows\system32\msvcrt.dll
0x000007fefe600000 - 0x000007fefe61f000 	C:\Windows\SYSTEM32\sechost.dll
0x000007fefde50000 - 0x000007fefdf7d000 	C:\Windows\system32\RPCRT4.dll
0x0000000077730000 - 0x000000007782a000 	C:\Windows\system32\USER32.dll
0x000007fefeaa0000 - 0x000007fefeb07000 	C:\Windows\system32\GDI32.dll
0x000007fefe710000 - 0x000007fefe71e000 	C:\Windows\system32\LPK.dll
0x000007fefdca0000 - 0x000007fefdd69000 	C:\Windows\system32\USP10.dll
0x000007fefbd40000 - 0x000007fefbf34000 	C:\Windows\WinSxS\amd64_microsoft.windows.common-controls_6595b64144ccf1df_6.0.7601.17514_none_fa396087175ac9ac\COMCTL32.dll
0x000007feffbe0000 - 0x000007feffc51000 	C:\Windows\system32\SHLWAPI.dll
0x000007fefe9d0000 - 0x000007fefe9fe000 	C:\Windows\system32\IMM32.DLL
0x000007fefe370000 - 0x000007fefe479000 	C:\Windows\system32\MSCTF.dll
0x000007fefd870000 - 0x000007fefd8a0000 	C:\Windows\system32\nvinitx.dll
0x000007fefd860000 - 0x000007fefd86c000 	C:\Windows\system32\VERSION.dll
0x0000000073600000 - 0x0000000073606000 	C:\Program Files\NVIDIA Corporation\CoProcManager\detoured.dll
0x000007fef9760000 - 0x000007fef9798000 	C:\Program Files\NVIDIA Corporation\CoProcManager\nvd3d9wrapx.dll
0x000007fefe190000 - 0x000007fefe367000 	C:\Windows\system32\SETUPAPI.dll
0x000007fefd950000 - 0x000007fefd986000 	C:\Windows\system32\CFGMGR32.dll
0x000007fefdd70000 - 0x000007fefde47000 	C:\Windows\system32\OLEAUT32.dll
0x000007fefe7c0000 - 0x000007fefe9c3000 	C:\Windows\system32\ole32.dll
0x000007fefdbb0000 - 0x000007fefdbca000 	C:\Windows\system32\DEVOBJ.dll
0x000007fef9730000 - 0x000007fef9754000 	C:\Program Files\NVIDIA Corporation\CoProcManager\nvdxgiwrapx.dll
0x0000000078760000 - 0x0000000078832000 	C:\Program Files\Android\Android Studio\jre\jre\bin\msvcr100.dll
0x00000000070b0000 - 0x00000000078f6000 	C:\Program Files\Android\Android Studio\jre\jre\bin\server\jvm.dll
0x000007fef7310000 - 0x000007fef7319000 	C:\Windows\system32\WSOCK32.dll
0x000007fefe620000 - 0x000007fefe66d000 	C:\Windows\system32\WS2_32.dll
0x000007fefdc90000 - 0x000007fefdc98000 	C:\Windows\system32\NSI.dll
0x000007fefb580000 - 0x000007fefb5bb000 	C:\Windows\system32\WINMM.dll
0x0000000077b20000 - 0x0000000077b27000 	C:\Windows\system32\PSAPI.DLL
0x000007fef9700000 - 0x000007fef970f000 	C:\Program Files\Android\Android Studio\jre\jre\bin\verify.dll
0x000007fef95f0000 - 0x000007fef9619000 	C:\Program Files\Android\Android Studio\jre\jre\bin\java.dll
0x000007fef95d0000 - 0x000007fef95e6000 	C:\Program Files\Android\Android Studio\jre\jre\bin\zip.dll
0x000007fefeb10000 - 0x000007feff898000 	C:\Windows\system32\SHELL32.dll
0x000007fefd8a0000 - 0x000007fefd8af000 	C:\Windows\system32\profapi.dll
0x000007fef95b0000 - 0x000007fef95ca000 	C:\Program Files\Android\Android Studio\jre\jre\bin\net.dll
0x000007fefd0d0000 - 0x000007fefd125000 	C:\Windows\system32\mswsock.dll
0x000007fefd0c0000 - 0x000007fefd0c7000 	C:\Windows\System32\wship6.dll
0x000007fef9590000 - 0x000007fef95a1000 	C:\Program Files\Android\Android Studio\jre\jre\bin\nio.dll
0x000007fef8200000 - 0x000007fef821e000 	C:\Users\NEOZEN\.gradle\native\25\windows-amd64\native-platform.dll
0x000007fef9660000 - 0x000007fef966d000 	C:\Program Files\Android\Android Studio\jre\jre\bin\management.dll
0x000007fefd130000 - 0x000007fefd148000 	C:\Windows\system32\CRYPTSP.dll
0x000007fefce30000 - 0x000007fefce77000 	C:\Windows\system32\rsaenh.dll
0x000007fefcba0000 - 0x000007fefcbbe000 	C:\Windows\system32\USERENV.dll
0x000007fefd790000 - 0x000007fefd79f000 	C:\Windows\system32\CRYPTBASE.dll
0x000007fefb020000 - 0x000007fefb047000 	C:\Windows\system32\IPHLPAPI.DLL
0x000007fefb010000 - 0x000007fefb01b000 	C:\Windows\system32\WINNSI.DLL
0x000007fefaa20000 - 0x000007fefaa31000 	C:\Windows\system32\dhcpcsvc6.DLL
0x000007fefaa00000 - 0x000007fefaa18000 	C:\Windows\system32\dhcpcsvc.DLL
0x000007fef8040000 - 0x000007fef8064000 	C:\Program Files\Android\Android Studio\jre\jre\bin\sunec.dll
0x000007fefcae0000 - 0x000007fefcae7000 	C:\Windows\System32\wshtcpip.dll
0x000007fefcf50000 - 0x000007fefcfab000 	C:\Windows\system32\DNSAPI.dll
0x000000006fc20000 - 0x000000006fc55000 	C:\Program Files\Bonjour\mdnsNSP.dll
0x000007fee60b0000 - 0x000007fee60b8000 	C:\Windows\system32\rasadhlp.dll
0x000007fefabd0000 - 0x000007fefac23000 	C:\Windows\System32\fwpuclnt.dll
0x000007fef8500000 - 0x000007fef850b000 	C:\Program Files\Android\Android Studio\jre\jre\bin\sunmscapi.dll
0x000007fefd990000 - 0x000007fefdafd000 	C:\Windows\system32\CRYPT32.dll
0x000007fefd940000 - 0x000007fefd94f000 	C:\Windows\system32\MSASN1.dll

VM Arguments:
jvm_args: -XX:+HeapDumpOnOutOfMemoryError -Xmx1024m -Dfile.encoding=windows-1252 -Duser.country=US -Duser.language=en -Duser.variant 
java_command: org.gradle.launcher.daemon.bootstrap.GradleDaemon 4.6
java_class_path (initial): C:\Users\NEOZEN\.gradle\wrapper\dists\gradle-4.6-all\bcst21l2brirad8k2ben1letg\gradle-4.6\lib\gradle-launcher-4.6.jar
Launcher Type: SUN_STANDARD

Environment Variables:
JAVA_HOME=C:\Program Files\Java\jdk1.8.0_211
PATH=C:\Program Files (x86)\Common Files\Oracle\Java\javapath;C:\Windows\system32;C:\Windows;C:\Windows\System32\Wbem;C:\Windows\System32\WindowsPowerShell\v1.0\;C:\Program Files\Intel\WiFi\bin\;C:\Program Files\Common Files\Intel\WirelessCommon\;C:\Users\NEOZEN\.dnx\bin;C:\Program Files\Microsoft DNX\Dnvm\;C:\Program Files\Microsoft SQL Server\130\Tools\Binn\;C:\Program Files\Microsoft SQL Server\120\Tools\Binn\;C:\Program Files\Microsoft SQL Server\Client SDK\ODBC\110\Tools\Binn\;C:\Program Files (x86)\Microsoft SQL Server\120\Tools\Binn\;C:\Program Files\Microsoft SQL Server\120\DTS\Binn\;C:\Program Files (x86)\Microsoft SQL Server\120\Tools\Binn\ManagementStudio\;C:\Program Files (x86)\Microsoft SQL Server\120\DTS\Binn\;C:\Program Files\Java\jdk1.8.0_211\bin;C:\adb;C:\Program Files\PuTTY\;C:\Program Files\Microsoft\Web Platform Installer\;C:\Program Files\TortoiseSVN\bin;C:\Program Files\nodejs\;C:\Program Files\TortoiseGit\bin;C:\Program Files (x86)\Microsoft ASP.NET\ASP.NET Web Pages\v1.0\;C:\Users\NEOZEN\AppData\Local\Programs\Python\Python37\Scripts\;C:\Users\NEOZEN\AppData\Local\Programs\Python\Python37\;C:\Program Files\Intel\WiFi\bin\;C:\Program Files\Common Files\Intel\WirelessCommon\;D:\JBoss\apache-maven-3.6.0\bin;C:\Users\NEOZEN\AppData\Roaming\npm;D:\Development Utility sw\Flutter\flutter\bin;;C:\Users\NEOZEN\AppData\Local\Programs\Fiddler
USERNAME=NEOZEN
OS=Windows_NT
PROCESSOR_IDENTIFIER=Intel64 Family 6 Model 58 Stepping 9, GenuineIntel



---------------  S Y S T E M  ---------------

OS: Windows 7 , 64 bit Build 7601 (6.1.7601.18015)

CPU:total 4 (initial active 4) (2 cores per cpu, 2 threads per core) family 6 model 58 stepping 9, cmov, cx8, fxsr, mmx, sse, sse2, sse3, ssse3, sse4.1, sse4.2, popcnt, avx, aes, clmul, erms, ht, tsc, tscinvbit, tscinv

Memory: 4k page, physical 8078984k(883192k free), swap 10106236k(6608k free)

vm_info: OpenJDK 64-Bit Server VM (25.202-b03) for windows-amd64 JRE (1.8.0_202-release-1483-b03), built by "builder" with MS VC++ 10.0 (VS2010)

time: Mon Mar 09 14:55:13 2020
timezone: India Standard Time
elapsed time: 28 seconds (0d 0h 0m 28s)

